<?xml version="1.0" encoding="UTF-8"?>
<testsuite xmlns:xsi="http://www.w3.org/2001/XMLSchema-instance" xsi:noNamespaceSchemaLocation="https://maven.apache.org/surefire/maven-surefire-plugin/xsd/surefire-test-report-3.0.xsd" version="3.0" name="com.ai.controller.UserControllerTest" time="0.264" tests="1" errors="0" skipped="0" failures="1">
  <properties>
[...]
</properties>
  <testcase name="testLogin_Success_WithTokenInHeader" classname="com.ai.controller.UserControllerTest" time="0.256">
    <failure message="&#10;userLoginService.authenticateUserAndGenerateToken(&#10;    &lt;any com.ai.dto.LoginDto&gt;&#10;);&#10;Wanted 2 times:&#10;-&gt; at com.ai.service.UserLoginService.authenticateUserAndGenerateToken(UserLoginService.java:108)&#10;But was 1 time:&#10;-&gt; at com.ai.controller.UserController.login(UserController.java:48)&#10;" type="org.mockito.exceptions.verification.TooFewActualInvocations"><![CDATA[org.mockito.exceptions.verification.TooFewActualInvocations: 

userLoginService.authenticateUserAndGenerateToken(
    <any com.ai.dto.LoginDto>
);
Wanted 2 times:
-> at com.ai.service.UserLoginService.authenticateUserAndGenerateToken(UserLoginService.java:108)
But was 1 time:
-> at com.ai.controller.UserController.login(UserController.java:48)

	at com.ai.service.UserLoginService.authenticateUserAndGenerateToken(UserLoginService.java:108)
	at com.ai.controller.UserControllerTest.testLogin_Success_WithTokenInHeader(UserControllerTest.java:119)
	at java.base/java.lang.reflect.Method.invoke(Method.java:568)
	at java.base/java.util.ArrayList.forEach(ArrayList.java:1511)
	at java.base/java.util.ArrayList.forEach(ArrayList.java:1511)
]]></failure>
    <system-out><![CDATA[Token in Response Header: null

LoginDto(userId=28, username=, emailId=arulkumar.v@infocareerindia.com, phone=null, password=, role=Role(roleId=1, roleName=ADMIN))
]]></system-out>
  </testcase>
</testsuite>